2023-09-20T17:39:29.308+05:30  INFO 11648 --- [main] c.m.p.controller.CustomerControllerTest  : Starting CustomerControllerTest using Java 17.0.7 with PID 11648 (started by matthewb in C:\Users\matthewb\Downloads\project-charter (1)\project-charter)
2023-09-20T17:39:29.332+05:30  INFO 11648 --- [main] c.m.p.controller.CustomerControllerTest  : No active profile set, falling back to 1 default profile: "default"
2023-09-20T17:39:32.964+05:30  INFO 11648 --- [main] .s.d.r.c.RepositoryConfigurationDelegate : Bootstrapping Spring Data JPA repositories in DEFAULT mode.
2023-09-20T17:39:33.180+05:30  INFO 11648 --- [main] .s.d.r.c.RepositoryConfigurationDelegate : Finished Spring Data repository scanning in 180 ms. Found 3 JPA repository interfaces.
2023-09-20T17:39:35.843+05:30  INFO 11648 --- [main] o.hibernate.jpa.internal.util.LogHelper  : HHH000204: Processing PersistenceUnitInfo [name: default]
2023-09-20T17:39:36.301+05:30  INFO 11648 --- [main] org.hibernate.Version                    : HHH000412: Hibernate ORM core version 6.2.6.Final
2023-09-20T17:39:36.323+05:30  INFO 11648 --- [main] org.hibernate.cfg.Environment            : HHH000406: Using bytecode reflection optimizer
2023-09-20T17:39:37.100+05:30  INFO 11648 --- [main] o.h.b.i.BytecodeProviderInitiator        : HHH000021: Bytecode provider name : bytebuddy
2023-09-20T17:39:37.970+05:30  INFO 11648 --- [main] o.s.o.j.p.SpringPersistenceUnitInfo      : No LoadTimeWeaver setup: ignoring JPA class transformer
2023-09-20T17:39:38.055+05:30  INFO 11648 --- [main] com.zaxxer.hikari.HikariDataSource       : HikariPool-1 - Starting...
2023-09-20T17:39:39.763+05:30  INFO 11648 --- [main] com.zaxxer.hikari.pool.HikariPool        : HikariPool-1 - Added connection com.mysql.cj.jdbc.ConnectionImpl@55b62db8
2023-09-20T17:39:39.769+05:30  INFO 11648 --- [main] com.zaxxer.hikari.HikariDataSource       : HikariPool-1 - Start completed.
2023-09-20T17:39:41.311+05:30  INFO 11648 --- [main] o.h.b.i.BytecodeProviderInitiator        : HHH000021: Bytecode provider name : bytebuddy
2023-09-20T17:39:43.671+05:30  INFO 11648 --- [main] o.h.e.t.j.p.i.JtaPlatformInitiator       : HHH000490: Using JtaPlatform implementation: [org.hibernate.engine.transaction.jta.platform.internal.NoJtaPlatform]
2023-09-20T17:39:45.169+05:30  INFO 11648 --- [main] j.LocalContainerEntityManagerFactoryBean : Initialized JPA EntityManagerFactory for persistence unit 'default'
2023-09-20T17:39:47.472+05:30  INFO 11648 --- [main] o.s.d.j.r.query.QueryEnhancerFactory     : Hibernate is in classpath; If applicable, HQL parser will be used.
2023-09-20T17:39:50.185+05:30  WARN 11648 --- [main] JpaBaseConfiguration$JpaWebConfiguration : spring.jpa.open-in-view is enabled by default. Therefore, database queries may be performed during view rendering. Explicitly configure spring.jpa.open-in-view to disable this warning
2023-09-20T17:39:52.681+05:30  INFO 11648 --- [main] c.m.p.controller.CustomerControllerTest  : Started CustomerControllerTest in 25.107 seconds (process running for 32.532)
2023-09-20T17:39:54.991+05:30  INFO 11648 --- [main] t.c.s.AnnotationConfigContextLoaderUtils : Could not detect default configuration classes for test class [com.maveric.projectcharter.ProjectCharterApplicationTests]: ProjectCharterApplicationTests does not declare any static, non-private, non-final, nested classes annotated with @Configuration.
2023-09-20T17:39:55.002+05:30  INFO 11648 --- [main] .b.t.c.SpringBootTestContextBootstrapper : Found @SpringBootConfiguration com.maveric.projectcharter.ProjectCharterApplication for test class com.maveric.projectcharter.ProjectCharterApplicationTests
2023-09-20T17:39:55.025+05:30  INFO 11648 --- [main] t.c.s.AnnotationConfigContextLoaderUtils : Could not detect default configuration classes for test class [com.maveric.projectcharter.service.CustomerServiceTest]: CustomerServiceTest does not declare any static, non-private, non-final, nested classes annotated with @Configuration.
2023-09-20T17:39:55.044+05:30  INFO 11648 --- [main] .b.t.c.SpringBootTestContextBootstrapper : Found @SpringBootConfiguration com.maveric.projectcharter.ProjectCharterApplication for test class com.maveric.projectcharter.service.CustomerServiceTest
2023-09-20T17:39:55.812+05:30  INFO 11648 --- [main] t.c.s.AnnotationConfigContextLoaderUtils : Could not detect default configuration classes for test class [com.maveric.projectcharter.exception.ApiExceptionHandlerTest]: ApiExceptionHandlerTest does not declare any static, non-private, non-final, nested classes annotated with @Configuration.
2023-09-20T17:39:55.841+05:30  INFO 11648 --- [main] .b.t.c.SpringBootTestContextBootstrapper : Found @SpringBootConfiguration com.maveric.projectcharter.ProjectCharterApplication for test class com.maveric.projectcharter.exception.ApiExceptionHandlerTest
2023-09-20T17:39:56.463+05:30  INFO 11648 --- [main] t.c.s.AnnotationConfigContextLoaderUtils : Could not detect default configuration classes for test class [com.maveric.projectcharter.controller.SessionControllerTest]: SessionControllerTest does not declare any static, non-private, non-final, nested classes annotated with @Configuration.
2023-09-20T17:39:56.466+05:30  INFO 11648 --- [main] .b.t.c.SpringBootTestContextBootstrapper : Found @SpringBootConfiguration com.maveric.projectcharter.ProjectCharterApplication for test class com.maveric.projectcharter.controller.SessionControllerTest
2023-09-20T17:39:57.216+05:30  INFO 11648 --- [main] t.c.s.AnnotationConfigContextLoaderUtils : Could not detect default configuration classes for test class [com.maveric.projectcharter.repository.SessionRepositoryTest]: SessionRepositoryTest does not declare any static, non-private, non-final, nested classes annotated with @Configuration.
2023-09-20T17:39:57.268+05:30  INFO 11648 --- [main] .b.t.c.SpringBootTestContextBootstrapper : Found @SpringBootConfiguration com.maveric.projectcharter.ProjectCharterApplication for test class com.maveric.projectcharter.repository.SessionRepositoryTest
2023-09-20T17:39:57.409+05:30  INFO 11648 --- [main] t.c.s.AnnotationConfigContextLoaderUtils : Could not detect default configuration classes for test class [com.maveric.projectcharter.aop.LoggingAspectTest]: LoggingAspectTest does not declare any static, non-private, non-final, nested classes annotated with @Configuration.
2023-09-20T17:39:57.424+05:30  INFO 11648 --- [main] .b.t.c.SpringBootTestContextBootstrapper : Found @SpringBootConfiguration com.maveric.projectcharter.ProjectCharterApplication for test class com.maveric.projectcharter.aop.LoggingAspectTest
2023-09-20T17:39:57.916+05:30  INFO 11648 --- [main] t.c.s.AnnotationConfigContextLoaderUtils : Could not detect default configuration classes for test class [com.maveric.projectcharter.service.SessionServiceTest]: SessionServiceTest does not declare any static, non-private, non-final, nested classes annotated with @Configuration.
2023-09-20T17:39:57.919+05:30  INFO 11648 --- [main] .b.t.c.SpringBootTestContextBootstrapper : Found @SpringBootConfiguration com.maveric.projectcharter.ProjectCharterApplication for test class com.maveric.projectcharter.service.SessionServiceTest
2023-09-20T17:39:58.260+05:30 ERROR 11648 --- [main] c.m.p.service.impl.SessionServiceImpl    : null
2023-09-20T17:39:58.317+05:30 ERROR 11648 --- [main] c.m.p.service.impl.SessionServiceImpl    : null
2023-09-20T17:39:58.391+05:30 ERROR 11648 --- [main] c.m.p.service.impl.SessionServiceImpl    : null
2023-09-20T17:39:58.619+05:30 ERROR 11648 --- [main] c.m.p.service.impl.SessionServiceImpl    : null
2023-09-20T17:39:58.670+05:30 ERROR 11648 --- [main] c.m.p.service.impl.SessionServiceImpl    : null
2023-09-20T17:39:58.745+05:30  INFO 11648 --- [SpringApplicationShutdownHook] j.LocalContainerEntityManagerFactoryBean : Closing JPA EntityManagerFactory for persistence unit 'default'
2023-09-20T17:39:58.751+05:30  INFO 11648 --- [SpringApplicationShutdownHook] com.zaxxer.hikari.HikariDataSource       : HikariPool-1 - Shutdown initiated...
2023-09-20T17:39:58.931+05:30  INFO 11648 --- [SpringApplicationShutdownHook] com.zaxxer.hikari.HikariDataSource       : HikariPool-1 - Shutdown completed.
